<?xml version="1.0" encoding="UTF-8"?>
<!-- Generated by org.testng.reporters.JUnitXMLReporter -->
<testsuite ignored="3" hostname="DESKTOP-3EH4CFI" failures="0" tests="1" name="Default test" time="8.72" errors="0" timestamp="2023-12-15T23:55:02 IST">
  <testcase classname="com.tutorialsninja.qa.testcases.RegisterTest" name="VerifyRegisteringAnAccount_Without_FillingAnyDetails" time="0.641"/>
  <testcase classname="com.tutorialsninja.qa.testcases.RegisterTest" name="VerifyRegisteringAnAccountWith_MandatoryFields" time="0.0">
    <ignored/>
  </testcase> <!-- VerifyRegisteringAnAccountWith_MandatoryFields -->
  <testcase classname="com.tutorialsninja.qa.testcases.RegisterTest" name="VerifyRegistration_alreadyExisting_ValidEmailAdress" time="0.0">
    <ignored/>
  </testcase> <!-- VerifyRegistration_alreadyExisting_ValidEmailAdress -->
  <testcase classname="com.tutorialsninja.qa.testcases.RegisterTest" name="VerifyRegisteringAnAccountWith_AllFields" time="0.0">
    <ignored/>
  </testcase> <!-- VerifyRegisteringAnAccountWith_AllFields -->
</testsuite> <!-- Default test -->
