<?xml version="1.0" encoding="UTF-8"?>
<!-- Generated by org.testng.reporters.JUnitXMLReporter -->
<testsuite ignored="6" hostname="DESKTOP-3EH4CFI" failures="0" tests="1" name="Default test" time="6.436" errors="0" timestamp="2023-12-15T16:16:57 IST">
  <testcase classname="com.tutorialsninja.qa.testcases.LoginTest" name="verifyLoginWithInvalidCredentials" time="0.95"/>
  <testcase classname="com.tutorialsninja.qa.testcases.LoginTest" name="verifyLoginWith_ValidEmailAnd_InvalidPassword" time="0.0">
    <ignored/>
  </testcase> <!-- verifyLoginWith_ValidEmailAnd_InvalidPassword -->
  <testcase classname="com.tutorialsninja.qa.testcases.LoginTest" name="SetterGetterMethods" time="0.0">
    <ignored/>
  </testcase> <!-- SetterGetterMethods -->
  <testcase classname="com.tutorialsninja.qa.testcases.LoginTest" name="verifyLoginWithValidCresentials" time="0.0">
    <ignored/>
  </testcase> <!-- verifyLoginWithValidCresentials -->
  <testcase classname="com.tutorialsninja.qa.testcases.LoginTest" name="verifyLoginWithInvalidEmailAndValidPassword" time="0.0">
    <ignored/>
  </testcase> <!-- verifyLoginWithInvalidEmailAndValidPassword -->
  <testcase classname="com.tutorialsninja.qa.testcases.LoginTest" name="Failed_verifyLoginWithValidCresentials" time="0.0">
    <ignored/>
  </testcase> <!-- Failed_verifyLoginWithValidCresentials -->
  <testcase classname="com.tutorialsninja.qa.testcases.LoginTest" name="verifyLoginWith_ValidEmailAnd_InvalidPassword1" time="0.0">
    <ignored/>
  </testcase> <!-- verifyLoginWith_ValidEmailAnd_InvalidPassword1 -->
</testsuite> <!-- Default test -->
