<?xml version="1.0" encoding="UTF-8"?>
<!-- Generated by org.testng.reporters.JUnitXMLReporter -->
<testsuite ignored="6" hostname="DESKTOP-3EH4CFI" failures="1" tests="1" name="Tests1" time="20.039" errors="0" timestamp="2023-12-15T22:50:06 IST">
  <testcase classname="com.tutorialsninja.qa.testcases.LoginTest" name="verifyLoginWithValidCresentials" time="1.951">
    <failure type="java.lang.AssertionError" message="Not landed on the Account Page expected [Edit your accoun information] but found [Edit your account information]">
      <![CDATA[java.lang.AssertionError: Not landed on the Account Page expected [Edit your accoun information] but found [Edit your account information]
at com.tutorialsninja.qa.testcases.LoginTest.verifyLoginWithValidCresentials(LoginTest.java:55)
at java.base/java.util.concurrent.ThreadPoolExecutor.runWorker(ThreadPoolExecutor.java:1144)
at java.base/java.util.concurrent.ThreadPoolExecutor$Worker.run(ThreadPoolExecutor.java:642)
at java.base/java.lang.Thread.run(Thread.java:1623)
... Removed 15 stack frames]]>
    </failure>
  </testcase> <!-- verifyLoginWithValidCresentials -->
  <testcase classname="com.tutorialsninja.qa.testcases.LoginTest" name="verifyLoginWithInvalidEmailAndValidPassword" time="0.0">
    <ignored/>
  </testcase> <!-- verifyLoginWithInvalidEmailAndValidPassword -->
  <testcase classname="com.tutorialsninja.qa.testcases.LoginTest" name="verifyLoginWith_ValidEmailAnd_InvalidPassword" time="0.0">
    <ignored/>
  </testcase> <!-- verifyLoginWith_ValidEmailAnd_InvalidPassword -->
  <testcase classname="com.tutorialsninja.qa.testcases.LoginTest" name="verifyLoginWith_ValidEmailAnd_InvalidPassword1" time="0.0">
    <ignored/>
  </testcase> <!-- verifyLoginWith_ValidEmailAnd_InvalidPassword1 -->
  <testcase classname="com.tutorialsninja.qa.testcases.LoginTest" name="SetterGetterMethods" time="0.0">
    <ignored/>
  </testcase> <!-- SetterGetterMethods -->
  <testcase classname="com.tutorialsninja.qa.testcases.LoginTest" name="verifyLoginWithInvalidCredentials" time="0.0">
    <ignored/>
  </testcase> <!-- verifyLoginWithInvalidCredentials -->
  <testcase classname="com.tutorialsninja.qa.testcases.LoginTest" name="Failed_verifyLoginWithValidCresentials" time="0.0">
    <ignored/>
  </testcase> <!-- Failed_verifyLoginWithValidCresentials -->
</testsuite> <!-- Tests1 -->
