<?xml version="1.0" encoding="UTF-8"?>
<!-- Generated by org.testng.reporters.JUnitXMLReporter -->
<testsuite ignored="1" hostname="DESKTOP-3EH4CFI" failures="0" tests="5" name="Test1" time="83.013" errors="0" timestamp="2023-11-22T17:03:25 IST">
  <testcase classname="com.tutorialsninja.qa.testcases.LoginTest" name="SetterGetterMethods" time="0.508"/>
  <testcase classname="com.tutorialsninja.qa.testcases.LoginTest" name="verifyLoginWithValidCresentials" time="0.368"/>
  <testcase classname="com.tutorialsninja.qa.testcases.LoginTest" name="verifyLoginWithInvalidCredentials" time="0.397"/>
  <testcase classname="com.tutorialsninja.qa.testcases.LoginTest" name="verifyLoginWithInvalidEmailAndValidPassword" time="0.403"/>
  <testcase classname="com.tutorialsninja.qa.testcases.LoginTest" name="verifyLoginWith_ValidEmailAnd_InvalidPassword" time="0.335"/>
  <testcase classname="com.tutorialsninja.qa.testcases.LoginTest" name="verifyLoginWith_ValidEmailAnd_InvalidPassword1" time="0.0">
    <ignored/>
  </testcase> <!-- verifyLoginWith_ValidEmailAnd_InvalidPassword1 -->
</testsuite> <!-- Test1 -->
