<?xml version="1.0" encoding="UTF-8"?>
<testng-results ignored="3" total="4" passed="1" failed="0" skipped="0">
  <reporter-output>
  </reporter-output>
  <suite started-at="2023-12-15T23:54:53 IST" name="Default suite" finished-at="2023-12-15T23:55:02 IST" duration-ms="8720">
    <groups>
    </groups>
    <test started-at="2023-12-15T23:54:53 IST" name="Default test" finished-at="2023-12-15T23:55:02 IST" duration-ms="8720">
      <class name="com.tutorialsninja.qa.testcases.RegisterTest">
        <test-method is-config="true" signature="setup()[pri:0, instance:com.tutorialsninja.qa.testcases.RegisterTest@9d5509a]" started-at="2023-12-15T23:54:53 IST" name="setup" finished-at="2023-12-15T23:55:01 IST" duration-ms="7979" status="PASS">
          <reporter-output>
          </reporter-output>
        </test-method> <!-- setup -->
        <test-method signature="VerifyRegisteringAnAccount_Without_FillingAnyDetails()[pri:4, instance:com.tutorialsninja.qa.testcases.RegisterTest@9d5509a]" started-at="2023-12-15T23:55:01 IST" name="VerifyRegisteringAnAccount_Without_FillingAnyDetails" finished-at="2023-12-15T23:55:02 IST" duration-ms="641" status="PASS">
          <reporter-output>
          </reporter-output>
        </test-method> <!-- VerifyRegisteringAnAccount_Without_FillingAnyDetails -->
        <test-method is-config="true" signature="tearDown()[pri:0, instance:com.tutorialsninja.qa.testcases.RegisterTest@9d5509a]" started-at="2023-12-15T23:55:02 IST" name="tearDown" finished-at="2023-12-15T23:55:02 IST" duration-ms="1" status="PASS">
          <reporter-output>
          </reporter-output>
        </test-method> <!-- tearDown -->
      </class> <!-- com.tutorialsninja.qa.testcases.RegisterTest -->
    </test> <!-- Default test -->
  </suite> <!-- Default suite -->
</testng-results>
