<?xml version="1.0" encoding="UTF-8"?>
<!-- Generated by org.testng.reporters.JUnitXMLReporter -->
<testsuite ignored="5" hostname="DESKTOP-3EH4CFI" failures="1" tests="1" name="SmokeTests" time="0.024" errors="0" timestamp="2023-11-22T16:36:28 IST">
  <testcase classname="com.tutorialsninja.qa.testcases.LoginTest" name="verifyLoginWithValidCresentials" time="0.003">
    <failure type="java.lang.NullPointerException" message="Cannot invoke &amp;quot;com.tutorialsninja.qa.pages.LoginPage.LoginEmailPasswordClickLogin(String, String)&amp;quot; because &amp;quot;this.loginPage&amp;quot; is null">
      <![CDATA[java.lang.NullPointerException: Cannot invoke "com.tutorialsninja.qa.pages.LoginPage.LoginEmailPasswordClickLogin(String, String)" because "this.loginPage" is null
at com.tutorialsninja.qa.testcases.LoginTest.verifyLoginWithValidCresentials(LoginTest.java:43)
at java.base/java.util.ArrayList.forEach(ArrayList.java:1511)
... Removed 25 stack frames]]>
    </failure>
  </testcase> <!-- verifyLoginWithValidCresentials -->
  <testcase classname="com.tutorialsninja.qa.testcases.LoginTest" name="SetterGetterMethods" time="0.0">
    <ignored/>
  </testcase> <!-- SetterGetterMethods -->
  <testcase classname="com.tutorialsninja.qa.testcases.LoginTest" name="verifyLoginWith_ValidEmailAnd_InvalidPassword1" time="0.0">
    <ignored/>
  </testcase> <!-- verifyLoginWith_ValidEmailAnd_InvalidPassword1 -->
  <testcase classname="com.tutorialsninja.qa.testcases.LoginTest" name="verifyLoginWithInvalidEmailAndValidPassword" time="0.0">
    <ignored/>
  </testcase> <!-- verifyLoginWithInvalidEmailAndValidPassword -->
  <testcase classname="com.tutorialsninja.qa.testcases.LoginTest" name="verifyLoginWith_ValidEmailAnd_InvalidPassword" time="0.0">
    <ignored/>
  </testcase> <!-- verifyLoginWith_ValidEmailAnd_InvalidPassword -->
  <testcase classname="com.tutorialsninja.qa.testcases.LoginTest" name="verifyLoginWithInvalidCredentials" time="0.0">
    <ignored/>
  </testcase> <!-- verifyLoginWithInvalidCredentials -->
</testsuite> <!-- SmokeTests -->
